{
"contracts\\NftMarketplace.sol":{"l":{"36":13,"37":13,"38":1,"40":12,"47":10,"48":10,"49":3,"51":7,"58":16,"59":16,"60":16,"61":3,"63":13,"71":11,"72":0,"74":11,"75":11,"76":1,"78":10,"79":10,"87":3,"88":3,"89":1,"91":2,"92":2,"93":2,"94":2,"95":2,"103":1,"104":1,"112":1,"113":0,"115":1,"116":1,"117":1,"121":2,"122":2,"123":1,"125":1,"126":1,"127":1,"128":0,"133":3,"134":3,"137":2},"path":"C:\\Users\\MSI GL72\\Desktop\\My Stuff\\Solidity\\Learning Projects\\nft-marketplace\\hardhat-nft-marketplace-fcc\\contracts\\NftMarketplace.sol","s":{"1":13,"2":13,"3":1,"4":10,"5":10,"6":3,"7":16,"8":16,"9":16,"10":3,"11":11,"12":0,"13":11,"14":11,"15":1,"16":10,"17":3,"18":3,"19":1,"20":2,"21":2,"22":2,"23":1,"24":1,"25":0,"26":1,"27":1,"28":2,"29":2,"30":1,"31":1,"32":1,"33":0,"34":3,"35":3,"36":2},"b":{"1":[1,12],"2":[3,7],"3":[3,13],"4":[12,1],"5":[11,1],"6":[0,11],"7":[1,10],"8":[3,1],"9":[1,2],"10":[2,1],"11":[1,1],"12":[2,1],"13":[1,1],"14":[0,1],"15":[1,1],"16":[0,1]},"f":{"1":3,"2":13,"3":10,"4":16,"5":11,"6":3,"7":1,"8":1,"9":2,"10":3,"11":2},"fnMap":{"1":{"name":"constructor","line":29,"loc":{"start":{"line":29,"column":4},"end":{"line":29,"column":19}}},"2":{"name":"notListed","line":31,"loc":{"start":{"line":31,"column":4},"end":{"line":41,"column":4}}},"3":{"name":"isListed","line":42,"loc":{"start":{"line":42,"column":4},"end":{"line":52,"column":4}}},"4":{"name":"isOwner","line":53,"loc":{"start":{"line":53,"column":4},"end":{"line":64,"column":4}}},"5":{"name":"listItem","line":70,"loc":{"start":{"line":66,"column":4},"end":{"line":80,"column":4}}},"6":{"name":"buyItem","line":85,"loc":{"start":{"line":82,"column":4},"end":{"line":96,"column":4}}},"7":{"name":"cancelListing","line":101,"loc":{"start":{"line":98,"column":4},"end":{"line":105,"column":4}}},"8":{"name":"updateListing","line":111,"loc":{"start":{"line":107,"column":4},"end":{"line":118,"column":4}}},"9":{"name":"withdrawProceeds","line":120,"loc":{"start":{"line":120,"column":4},"end":{"line":130,"column":4}}},"10":{"name":"getListing","line":132,"loc":{"start":{"line":132,"column":4},"end":{"line":135,"column":4}}},"11":{"name":"getProceeds","line":136,"loc":{"start":{"line":136,"column":4},"end":{"line":138,"column":4}}}},"statementMap":{"1":{"start":{"line":36,"column":8},"end":{"line":36,"column":64}},"2":{"start":{"line":37,"column":8},"end":{"line":37,"column":988}},"3":{"start":{"line":38,"column":12},"end":{"line":38,"column":19}},"4":{"start":{"line":47,"column":8},"end":{"line":47,"column":64}},"5":{"start":{"line":48,"column":8},"end":{"line":48,"column":1253}},"6":{"start":{"line":49,"column":12},"end":{"line":49,"column":19}},"7":{"start":{"line":58,"column":8},"end":{"line":58,"column":41}},"8":{"start":{"line":59,"column":8},"end":{"line":59,"column":44}},"9":{"start":{"line":60,"column":8},"end":{"line":60,"column":1544}},"10":{"start":{"line":61,"column":12},"end":{"line":61,"column":19}},"11":{"start":{"line":71,"column":8},"end":{"line":71,"column":1836}},"12":{"start":{"line":72,"column":12},"end":{"line":72,"column":19}},"13":{"start":{"line":74,"column":8},"end":{"line":74,"column":41}},"14":{"start":{"line":75,"column":8},"end":{"line":75,"column":1941}},"15":{"start":{"line":76,"column":12},"end":{"line":76,"column":19}},"16":{"start":{"line":79,"column":8},"end":{"line":79,"column":63}},"17":{"start":{"line":87,"column":8},"end":{"line":87,"column":67}},"18":{"start":{"line":88,"column":8},"end":{"line":88,"column":2401}},"19":{"start":{"line":89,"column":12},"end":{"line":89,"column":19}},"20":{"start":{"line":93,"column":8},"end":{"line":93,"column":41}},"21":{"start":{"line":94,"column":8},"end":{"line":94,"column":67}},"22":{"start":{"line":95,"column":8},"end":{"line":95,"column":74}},"23":{"start":{"line":104,"column":8},"end":{"line":104,"column":59}},"24":{"start":{"line":112,"column":8},"end":{"line":112,"column":3309}},"25":{"start":{"line":113,"column":12},"end":{"line":113,"column":19}},"26":{"start":{"line":115,"column":8},"end":{"line":115,"column":65}},"27":{"start":{"line":117,"column":8},"end":{"line":117,"column":66}},"28":{"start":{"line":121,"column":8},"end":{"line":121,"column":49}},"29":{"start":{"line":122,"column":8},"end":{"line":122,"column":3670}},"30":{"start":{"line":123,"column":12},"end":{"line":123,"column":19}},"31":{"start":{"line":126,"column":8},"end":{"line":126,"column":77}},"32":{"start":{"line":127,"column":8},"end":{"line":127,"column":3851}},"33":{"start":{"line":128,"column":12},"end":{"line":128,"column":19}},"34":{"start":{"line":133,"column":8},"end":{"line":133,"column":64}},"35":{"start":{"line":134,"column":8},"end":{"line":134,"column":22}},"36":{"start":{"line":137,"column":8},"end":{"line":137,"column":33}}},"branchMap":{"1":{"line":37,"type":"if","locations":[{"start":{"line":37,"column":8},"end":{"line":37,"column":8}},{"start":{"line":37,"column":8},"end":{"line":37,"column":8}}]},"2":{"line":48,"type":"if","locations":[{"start":{"line":48,"column":8},"end":{"line":48,"column":8}},{"start":{"line":48,"column":8},"end":{"line":48,"column":8}}]},"3":{"line":60,"type":"if","locations":[{"start":{"line":60,"column":8},"end":{"line":60,"column":8}},{"start":{"line":60,"column":8},"end":{"line":60,"column":8}}]},"4":{"line":70,"type":"if","locations":[{"start":{"line":70,"column":15},"end":{"line":70,"column":15}},{"start":{"line":70,"column":15},"end":{"line":70,"column":15}}]},"5":{"line":70,"type":"if","locations":[{"start":{"line":70,"column":58},"end":{"line":70,"column":58}},{"start":{"line":70,"column":58},"end":{"line":70,"column":58}}]},"6":{"line":71,"type":"if","locations":[{"start":{"line":71,"column":8},"end":{"line":71,"column":8}},{"start":{"line":71,"column":8},"end":{"line":71,"column":8}}]},"7":{"line":75,"type":"if","locations":[{"start":{"line":75,"column":8},"end":{"line":75,"column":8}},{"start":{"line":75,"column":8},"end":{"line":75,"column":8}}]},"8":{"line":85,"type":"if","locations":[{"start":{"line":85,"column":8},"end":{"line":85,"column":8}},{"start":{"line":85,"column":8},"end":{"line":85,"column":8}}]},"9":{"line":88,"type":"if","locations":[{"start":{"line":88,"column":8},"end":{"line":88,"column":8}},{"start":{"line":88,"column":8},"end":{"line":88,"column":8}}]},"10":{"line":100,"type":"if","locations":[{"start":{"line":100,"column":8},"end":{"line":100,"column":8}},{"start":{"line":100,"column":8},"end":{"line":100,"column":8}}]},"11":{"line":101,"type":"if","locations":[{"start":{"line":101,"column":8},"end":{"line":101,"column":8}},{"start":{"line":101,"column":8},"end":{"line":101,"column":8}}]},"12":{"line":111,"type":"if","locations":[{"start":{"line":111,"column":15},"end":{"line":111,"column":15}},{"start":{"line":111,"column":15},"end":{"line":111,"column":15}}]},"13":{"line":111,"type":"if","locations":[{"start":{"line":111,"column":57},"end":{"line":111,"column":57}},{"start":{"line":111,"column":57},"end":{"line":111,"column":57}}]},"14":{"line":112,"type":"if","locations":[{"start":{"line":112,"column":8},"end":{"line":112,"column":8}},{"start":{"line":112,"column":8},"end":{"line":112,"column":8}}]},"15":{"line":122,"type":"if","locations":[{"start":{"line":122,"column":8},"end":{"line":122,"column":8}},{"start":{"line":122,"column":8},"end":{"line":122,"column":8}}]},"16":{"line":127,"type":"if","locations":[{"start":{"line":127,"column":8},"end":{"line":127,"column":8}},{"start":{"line":127,"column":8},"end":{"line":127,"column":8}}]}}},
"contracts\\test\\BasicNft.sol":{"l":{"14":3,"18":15,"19":15,"20":15,"24":0,"25":0,"29":0},"path":"C:\\Users\\MSI GL72\\Desktop\\My Stuff\\Solidity\\Learning Projects\\nft-marketplace\\hardhat-nft-marketplace-fcc\\contracts\\test\\BasicNft.sol","s":{"1":15,"2":15,"3":0,"4":0,"5":0},"b":{"1":[0,0]},"f":{"1":3,"2":15,"3":0,"4":0},"fnMap":{"1":{"name":"constructor","line":13,"loc":{"start":{"line":13,"column":4},"end":{"line":15,"column":4}}},"2":{"name":"mintNft","line":17,"loc":{"start":{"line":17,"column":4},"end":{"line":21,"column":4}}},"3":{"name":"tokenURI","line":23,"loc":{"start":{"line":23,"column":4},"end":{"line":26,"column":4}}},"4":{"name":"getTokenCounter","line":28,"loc":{"start":{"line":28,"column":4},"end":{"line":30,"column":4}}}},"statementMap":{"1":{"start":{"line":18,"column":8},"end":{"line":18,"column":44}},"2":{"start":{"line":19,"column":8},"end":{"line":19,"column":38}},"3":{"start":{"line":24,"column":8},"end":{"line":24,"column":83}},"4":{"start":{"line":25,"column":8},"end":{"line":25,"column":24}},"5":{"start":{"line":29,"column":8},"end":{"line":29,"column":29}}},"branchMap":{"1":{"line":24,"type":"if","locations":[{"start":{"line":24,"column":8},"end":{"line":24,"column":8}},{"start":{"line":24,"column":8},"end":{"line":24,"column":8}}]}}}}
