TN:
SF:C:\Users\MSI GL72\Desktop\My Stuff\Solidity\Learning Projects\nft-marketplace\hardhat-nft-marketplace-fcc\contracts\NftMarketplace.sol
FN:29,constructor
FN:31,notListed
FN:42,isListed
FN:53,isOwner
FN:70,listItem
FN:85,buyItem
FN:101,cancelListing
FN:111,updateListing
FN:120,withdrawProceeds
FN:132,getListing
FN:136,getProceeds
FNF:11
FNH:11
FNDA:3,constructor
FNDA:13,notListed
FNDA:10,isListed
FNDA:16,isOwner
FNDA:11,listItem
FNDA:3,buyItem
FNDA:1,cancelListing
FNDA:1,updateListing
FNDA:2,withdrawProceeds
FNDA:3,getListing
FNDA:2,getProceeds
DA:36,13
DA:37,13
DA:38,1
DA:40,12
DA:47,10
DA:48,10
DA:49,3
DA:51,7
DA:58,16
DA:59,16
DA:60,16
DA:61,3
DA:63,13
DA:71,11
DA:72,0
DA:74,11
DA:75,11
DA:76,1
DA:78,10
DA:79,10
DA:87,3
DA:88,3
DA:89,1
DA:91,2
DA:92,2
DA:93,2
DA:94,2
DA:95,2
DA:103,1
DA:104,1
DA:112,1
DA:113,0
DA:115,1
DA:116,1
DA:117,1
DA:121,2
DA:122,2
DA:123,1
DA:125,1
DA:126,1
DA:127,1
DA:128,0
DA:133,3
DA:134,3
DA:137,2
LF:45
LH:42
BRDA:37,1,0,1
BRDA:37,1,1,12
BRDA:48,2,0,3
BRDA:48,2,1,7
BRDA:60,3,0,3
BRDA:60,3,1,13
BRDA:70,4,0,12
BRDA:70,4,1,1
BRDA:70,5,0,11
BRDA:70,5,1,1
BRDA:71,6,0,0
BRDA:71,6,1,11
BRDA:75,7,0,1
BRDA:75,7,1,10
BRDA:85,8,0,3
BRDA:85,8,1,1
BRDA:88,9,0,1
BRDA:88,9,1,2
BRDA:100,10,0,2
BRDA:100,10,1,1
BRDA:101,11,0,1
BRDA:101,11,1,1
BRDA:111,12,0,2
BRDA:111,12,1,1
BRDA:111,13,0,1
BRDA:111,13,1,1
BRDA:112,14,0,0
BRDA:112,14,1,1
BRDA:122,15,0,1
BRDA:122,15,1,1
BRDA:127,16,0,0
BRDA:127,16,1,1
BRF:32
BRH:29
end_of_record
TN:
SF:C:\Users\MSI GL72\Desktop\My Stuff\Solidity\Learning Projects\nft-marketplace\hardhat-nft-marketplace-fcc\contracts\test\BasicNft.sol
FN:13,constructor
FN:17,mintNft
FN:23,tokenURI
FN:28,getTokenCounter
FNF:4
FNH:2
FNDA:3,constructor
FNDA:15,mintNft
FNDA:0,tokenURI
FNDA:0,getTokenCounter
DA:14,3
DA:18,15
DA:19,15
DA:20,15
DA:24,0
DA:25,0
DA:29,0
LF:7
LH:4
BRDA:24,1,0,0
BRDA:24,1,1,0
BRF:2
BRH:0
end_of_record
